[  0%] Built target trajectory_msgs_generate_messages_eus
[  0%] Built target uuid_msgs_generate_messages_eus
[  0%] Built target trajectory_msgs_generate_messages_py
[  0%] Built target diagnostic_msgs_generate_messages_lisp
[  0%] Built target trajectory_msgs_generate_messages_nodejs
[  0%] Built target mavros_msgs_generate_messages_nodejs
[  0%] Built target trajectory_msgs_generate_messages_lisp
[  0%] Built target tf2_msgs_generate_messages_nodejs
[  0%] Built target geometry_msgs_generate_messages_lisp
[  0%] Built target diagnostic_msgs_generate_messages_nodejs
[  0%] Built target diagnostic_msgs_generate_messages_py
[  0%] Built target uuid_msgs_generate_messages_lisp
[  0%] Built target quad_msgs_generate_messages_lisp
[  0%] Built target roscpp_generate_messages_py
[  0%] Built target quad_msgs_generate_messages_cpp
[  0%] Built target std_msgs_generate_messages_nodejs
[  0%] Built target roscpp_generate_messages_lisp
[  0%] Built target actionlib_msgs_generate_messages_nodejs
[  0%] Built target nav_msgs_generate_messages_nodejs
[  0%] Built target std_msgs_generate_messages_cpp
[  0%] Built target std_msgs_generate_messages_py
[  0%] Built target rosgraph_msgs_generate_messages_lisp
[  0%] Built target diagnostic_msgs_generate_messages_eus
[  0%] Built target actionlib_msgs_generate_messages_lisp
[  0%] Built target geometry_msgs_generate_messages_nodejs
[  0%] Built target quad_msgs_generate_messages_eus
[  0%] Built target roscpp_generate_messages_cpp
[  0%] Built target geographic_msgs_generate_messages_py
[  0%] Built target actionlib_generate_messages_cpp
[  0%] Built target roscpp_generate_messages_nodejs
[  0%] Built target sensor_msgs_generate_messages_nodejs
[  0%] Built target quad_msgs_generate_messages_py
[  0%] Built target geographic_msgs_generate_messages_lisp
[  0%] Built target std_msgs_generate_messages_lisp
[  0%] Built target sensor_msgs_generate_messages_eus
[  0%] Built target rosgraph_msgs_generate_messages_eus
[  0%] Built target rosgraph_msgs_generate_messages_cpp
[  0%] Built target geometry_msgs_generate_messages_eus
[  0%] Built target std_msgs_generate_messages_eus
[  0%] Built target rosgraph_msgs_generate_messages_nodejs
[  0%] Built target geographic_msgs_generate_messages_cpp
[  0%] Built target geographic_msgs_generate_messages_eus
[  0%] Built target geometry_msgs_generate_messages_py
[  0%] Built target uuid_msgs_generate_messages_cpp
[  0%] Built target geographic_msgs_generate_messages_nodejs
[  0%] Built target actionlib_generate_messages_nodejs
[  0%] Built target uuid_msgs_generate_messages_nodejs
[  0%] Built target uuid_msgs_generate_messages_py
[  0%] Built target mavros_msgs_generate_messages_py
[  0%] Built target mavros_msgs_generate_messages_lisp
[  0%] Built target nav_msgs_generate_messages_cpp
[  0%] Built target trajectory_msgs_generate_messages_cpp
[  0%] Built target sensor_msgs_generate_messages_lisp
[  0%] Built target sensor_msgs_generate_messages_cpp
[  0%] Built target mavros_msgs_generate_messages_cpp
[  0%] Built target mavros_msgs_generate_messages_eus
[  0%] Built target sensor_msgs_generate_messages_py
[  0%] Built target nav_msgs_generate_messages_lisp
[  0%] Built target roscpp_generate_messages_eus
[  0%] Built target actionlib_msgs_generate_messages_cpp
[  0%] Built target rosgraph_msgs_generate_messages_py
[  0%] Built target actionlib_msgs_generate_messages_py
[  0%] Built target actionlib_msgs_generate_messages_eus
[  0%] Built target geometry_msgs_generate_messages_cpp
[  0%] Built target diagnostic_msgs_generate_messages_cpp
[  0%] Built target actionlib_generate_messages_eus
[  0%] Built target nav_msgs_generate_messages_eus
[  0%] Built target actionlib_generate_messages_lisp
[  0%] Built target tf2_msgs_generate_messages_cpp
[  0%] Built target tf2_msgs_generate_messages_eus
[  0%] Built target quad_msgs_generate_messages_nodejs
[  0%] Built target nav_msgs_generate_messages_py
[  0%] Built target tf2_msgs_generate_messages_lisp
[  0%] Built target actionlib_generate_messages_py
[  0%] Built target tf2_msgs_generate_messages_py
[35m[1mScanning dependencies of target ftc_ctrl[0m
[ 25%] [32mBuilding CXX object CMakeFiles/ftc_ctrl.dir/src/ftc_ctrl.cpp.o[0m
[01m[K/home/cheng/fault_tolerant_control/src/ftc_ctrl/src/ftc_ctrl.cpp:[m[K In member function â€˜[01m[Kvoid ftc::NDICtrl::controller_innerloop()[m[Kâ€™:
[01m[K/home/cheng/fault_tolerant_control/src/ftc_ctrl/src/ftc_ctrl.cpp:457:7:[m[K [01;31m[Kerror: [m[Kâ€˜[01m[Kkph_the[m[Kâ€™ was not declared in this scope
       [01;31m[Kkph_the[m[K = K_att_the_[0];
       [01;31m[K^~~~~~~[m[K
[01m[K/home/cheng/fault_tolerant_control/src/ftc_ctrl/src/ftc_ctrl.cpp:457:17:[m[K [01;31m[Kerror: [m[Kâ€˜[01m[KK_att_the_[m[Kâ€™ was not declared in this scope
       kph_the = [01;31m[KK_att_the_[m[K[0];
                 [01;31m[K^~~~~~~~~~[m[K
[01m[K/home/cheng/fault_tolerant_control/src/ftc_ctrl/src/ftc_ctrl.cpp:457:17:[m[K [01;36m[Knote: [m[Ksuggested alternative: â€˜[01m[KK_att_[m[Kâ€™
       kph_the = [01;36m[KK_att_the_[m[K[0];
                 [01;36m[K^~~~~~~~~~[m[K
                 [32m[KK_att_[m[K
[01m[K/home/cheng/fault_tolerant_control/src/ftc_ctrl/src/ftc_ctrl.cpp:458:7:[m[K [01;31m[Kerror: [m[Kâ€˜[01m[Kkdh_the[m[Kâ€™ was not declared in this scope
       [01;31m[Kkdh_the[m[K = K_att_the_[1];
       [01;31m[K^~~~~~~[m[K
[01m[K/home/cheng/fault_tolerant_control/src/ftc_ctrl/src/ftc_ctrl.cpp:459:7:[m[K [01;31m[Kerror: [m[Kâ€˜[01m[Kkih_the[m[Kâ€™ was not declared in this scope
       [01;31m[Kkih_the[m[K = K_att_the_[2];
       [01;31m[K^~~~~~~[m[K
[01m[K/home/cheng/fault_tolerant_control/src/ftc_ctrl/src/ftc_ctrl.cpp:460:7:[m[K [01;31m[Kerror: [m[Kâ€˜[01m[Kkph_phi[m[Kâ€™ was not declared in this scope
       [01;31m[Kkph_phi[m[K = K_att_phi_[0];
       [01;31m[K^~~~~~~[m[K
[01m[K/home/cheng/fault_tolerant_control/src/ftc_ctrl/src/ftc_ctrl.cpp:460:17:[m[K [01;31m[Kerror: [m[Kâ€˜[01m[KK_att_phi_[m[Kâ€™ was not declared in this scope
       kph_phi = [01;31m[KK_att_phi_[m[K[0];
                 [01;31m[K^~~~~~~~~~[m[K
[01m[K/home/cheng/fault_tolerant_control/src/ftc_ctrl/src/ftc_ctrl.cpp:460:17:[m[K [01;36m[Knote: [m[Ksuggested alternative: â€˜[01m[KK_att_fail_[m[Kâ€™
       kph_phi = [01;36m[KK_att_phi_[m[K[0];
                 [01;36m[K^~~~~~~~~~[m[K
                 [32m[KK_att_fail_[m[K
[01m[K/home/cheng/fault_tolerant_control/src/ftc_ctrl/src/ftc_ctrl.cpp:461:7:[m[K [01;31m[Kerror: [m[Kâ€˜[01m[Kkdh_phi[m[Kâ€™ was not declared in this scope
       [01;31m[Kkdh_phi[m[K = K_att_phi_[1];
       [01;31m[K^~~~~~~[m[K
[01m[K/home/cheng/fault_tolerant_control/src/ftc_ctrl/src/ftc_ctrl.cpp:462:7:[m[K [01;31m[Kerror: [m[Kâ€˜[01m[Kkih_phi[m[Kâ€™ was not declared in this scope
       [01;31m[Kkih_phi[m[K = K_att_phi_[2];
       [01;31m[K^~~~~~~[m[K
[01m[K/home/cheng/fault_tolerant_control/src/ftc_ctrl/src/ftc_ctrl.cpp:465:7:[m[K [01;31m[Kerror: [m[Kâ€˜[01m[Kkph_the[m[Kâ€™ was not declared in this scope
       [01;31m[Kkph_the[m[K = K_att_fail_[0];
       [01;31m[K^~~~~~~[m[K
[01m[K/home/cheng/fault_tolerant_control/src/ftc_ctrl/src/ftc_ctrl.cpp:466:7:[m[K [01;31m[Kerror: [m[Kâ€˜[01m[Kkdh_the[m[Kâ€™ was not declared in this scope
       [01;31m[Kkdh_the[m[K = K_att_fail_[1];
       [01;31m[K^~~~~~~[m[K
[01m[K/home/cheng/fault_tolerant_control/src/ftc_ctrl/src/ftc_ctrl.cpp:467:7:[m[K [01;31m[Kerror: [m[Kâ€˜[01m[Kkih_the[m[Kâ€™ was not declared in this scope
       [01;31m[Kkih_the[m[K = K_att_fail_[2];
       [01;31m[K^~~~~~~[m[K
[01m[K/home/cheng/fault_tolerant_control/src/ftc_ctrl/src/ftc_ctrl.cpp:468:7:[m[K [01;31m[Kerror: [m[Kâ€˜[01m[Kkph_phi[m[Kâ€™ was not declared in this scope
       [01;31m[Kkph_phi[m[K = K_att_fail_[0];
       [01;31m[K^~~~~~~[m[K
[01m[K/home/cheng/fault_tolerant_control/src/ftc_ctrl/src/ftc_ctrl.cpp:469:7:[m[K [01;31m[Kerror: [m[Kâ€˜[01m[Kkdh_phi[m[Kâ€™ was not declared in this scope
       [01;31m[Kkdh_phi[m[K = K_att_fail_[1];
       [01;31m[K^~~~~~~[m[K
[01m[K/home/cheng/fault_tolerant_control/src/ftc_ctrl/src/ftc_ctrl.cpp:470:7:[m[K [01;31m[Kerror: [m[Kâ€˜[01m[Kkih_phi[m[Kâ€™ was not declared in this scope
       [01;31m[Kkih_phi[m[K = K_att_fail_[2];
       [01;31m[K^~~~~~~[m[K
[01m[K/home/cheng/fault_tolerant_control/src/ftc_ctrl/src/ftc_ctrl.cpp:473:28:[m[K [01;31m[Kerror: [m[Kâ€˜[01m[Kkph_the[m[Kâ€™ was not declared in this scope
     omega_dot_design(0) = ([01;31m[Kkph_the[m[K * (n_b_(1) - n_des_b(1))
                            [01;31m[K^~~~~~~[m[K
[01m[K/home/cheng/fault_tolerant_control/src/ftc_ctrl/src/ftc_ctrl.cpp:474:13:[m[K [01;31m[Kerror: [m[Kâ€˜[01m[Kkdh_the[m[Kâ€™ was not declared in this scope
           + [01;31m[Kkdh_the[m[K * ( n_des_b(0) * state_.bodyrates.z() -  n_des_b(2) * state_.bodyrates.x())
             [01;31m[K^~~~~~~[m[K
[01m[K/home/cheng/fault_tolerant_control/src/ftc_ctrl/src/ftc_ctrl.cpp:475:13:[m[K [01;31m[Kerror: [m[Kâ€˜[01m[Kkih_the[m[Kâ€™ was not declared in this scope
           + [01;31m[Kkih_the[m[K * nb_err_int_(1)
             [01;31m[K^~~~~~~[m[K
[01m[K/home/cheng/fault_tolerant_control/src/ftc_ctrl/src/ftc_ctrl.cpp:478:28:[m[K [01;31m[Kerror: [m[Kâ€˜[01m[Kkph_phi[m[Kâ€™ was not declared in this scope
     omega_dot_design(1) = ([01;31m[Kkph_phi[m[K * (n_b_(0) - n_des_b(0))
                            [01;31m[K^~~~~~~[m[K
[01m[K/home/cheng/fault_tolerant_control/src/ftc_ctrl/src/ftc_ctrl.cpp:479:13:[m[K [01;31m[Kerror: [m[Kâ€˜[01m[Kkdh_phi[m[Kâ€™ was not declared in this scope
           + [01;31m[Kkdh_phi[m[K * (-n_des_b(1) * state_.bodyrates.z() +  n_des_b(2) * state_.bodyrates.y())
             [01;31m[K^~~~~~~[m[K
[01m[K/home/cheng/fault_tolerant_control/src/ftc_ctrl/src/ftc_ctrl.cpp:480:13:[m[K [01;31m[Kerror: [m[Kâ€˜[01m[Kkih_phi[m[Kâ€™ was not declared in this scope
           + [01;31m[Kkih_phi[m[K * nb_err_int_(0)
             [01;31m[K^~~~~~~[m[K
[01m[K/home/cheng/fault_tolerant_control/src/ftc_ctrl/src/ftc_ctrl.cpp:[m[K In member function â€˜[01m[Kbool ftc::NDICtrl::loadParams()[m[Kâ€™:
[01m[K/home/cheng/fault_tolerant_control/src/ftc_ctrl/src/ftc_ctrl.cpp:545:41:[m[K [01;31m[Kerror: [m[Kâ€˜[01m[KK_att_the_[m[Kâ€™ was not declared in this scope
     check &= pnh_.getParam("k_att_the", [01;31m[KK_att_the_[m[K);
                                         [01;31m[K^~~~~~~~~~[m[K
[01m[K/home/cheng/fault_tolerant_control/src/ftc_ctrl/src/ftc_ctrl.cpp:545:41:[m[K [01;36m[Knote: [m[Ksuggested alternative: â€˜[01m[KK_att_[m[Kâ€™
     check &= pnh_.getParam("k_att_the", [01;36m[KK_att_the_[m[K);
                                         [01;36m[K^~~~~~~~~~[m[K
                                         [32m[KK_att_[m[K
[01m[K/home/cheng/fault_tolerant_control/src/ftc_ctrl/src/ftc_ctrl.cpp:546:41:[m[K [01;31m[Kerror: [m[Kâ€˜[01m[KK_att_phi_[m[Kâ€™ was not declared in this scope
     check &= pnh_.getParam("k_att_phi", [01;31m[KK_att_phi_[m[K);
                                         [01;31m[K^~~~~~~~~~[m[K
[01m[K/home/cheng/fault_tolerant_control/src/ftc_ctrl/src/ftc_ctrl.cpp:546:41:[m[K [01;36m[Knote: [m[Ksuggested alternative: â€˜[01m[KK_att_fail_[m[Kâ€™
     check &= pnh_.getParam("k_att_phi", [01;36m[KK_att_phi_[m[K);
                                         [01;36m[K^~~~~~~~~~[m[K
                                         [32m[KK_att_fail_[m[K
CMakeFiles/ftc_ctrl.dir/build.make:94: recipe for target 'CMakeFiles/ftc_ctrl.dir/src/ftc_ctrl.cpp.o' failed
make[2]: *** [CMakeFiles/ftc_ctrl.dir/src/ftc_ctrl.cpp.o] Error 1
CMakeFiles/Makefile2:633: recipe for target 'CMakeFiles/ftc_ctrl.dir/all' failed
make[1]: *** [CMakeFiles/ftc_ctrl.dir/all] Error 2
Makefile:159: recipe for target 'all' failed
make: *** [all] Error 2
