[  0%] Built target tf2_msgs_generate_messages_nodejs
[  0%] Built target trajectory_msgs_generate_messages_py
[  0%] Built target trajectory_msgs_generate_messages_nodejs
[  0%] Built target trajectory_msgs_generate_messages_lisp
[  0%] Built target trajectory_msgs_generate_messages_eus
[  0%] Built target geometry_msgs_generate_messages_lisp
[  0%] Built target uuid_msgs_generate_messages_eus
[  0%] Built target diagnostic_msgs_generate_messages_lisp
[  0%] Built target diagnostic_msgs_generate_messages_nodejs
[  0%] Built target mavros_msgs_generate_messages_nodejs
[  0%] Built target uuid_msgs_generate_messages_lisp
[  0%] Built target quad_msgs_generate_messages_lisp
[  0%] Built target roscpp_generate_messages_py
[  0%] Built target diagnostic_msgs_generate_messages_py
[  0%] Built target quad_msgs_generate_messages_cpp
[  0%] Built target actionlib_msgs_generate_messages_lisp
[  0%] Built target std_msgs_generate_messages_nodejs
[  0%] Built target diagnostic_msgs_generate_messages_eus
[  0%] Built target std_msgs_generate_messages_cpp
[  0%] Built target nav_msgs_generate_messages_nodejs
[  0%] Built target actionlib_msgs_generate_messages_nodejs
[  0%] Built target std_msgs_generate_messages_py
[  0%] Built target roscpp_generate_messages_lisp
[  0%] Built target quad_msgs_generate_messages_eus
[  0%] Built target rosgraph_msgs_generate_messages_lisp
[  0%] Built target geometry_msgs_generate_messages_nodejs
[  0%] Built target geographic_msgs_generate_messages_py
[  0%] Built target roscpp_generate_messages_cpp
[  0%] Built target sensor_msgs_generate_messages_nodejs
[  0%] Built target actionlib_generate_messages_cpp
[  0%] Built target std_msgs_generate_messages_lisp
[  0%] Built target roscpp_generate_messages_nodejs
[  0%] Built target geometry_msgs_generate_messages_eus
[  0%] Built target sensor_msgs_generate_messages_eus
[  0%] Built target rosgraph_msgs_generate_messages_cpp
[  0%] Built target rosgraph_msgs_generate_messages_eus
[  0%] Built target std_msgs_generate_messages_eus
[  0%] Built target rosgraph_msgs_generate_messages_nodejs
[  0%] Built target quad_msgs_generate_messages_py
[  0%] Built target geographic_msgs_generate_messages_lisp
[  0%] Built target geometry_msgs_generate_messages_py
[  0%] Built target geographic_msgs_generate_messages_cpp
[  0%] Built target geographic_msgs_generate_messages_eus
[  0%] Built target geographic_msgs_generate_messages_nodejs
[  0%] Built target actionlib_generate_messages_nodejs
[  0%] Built target uuid_msgs_generate_messages_cpp
[  0%] Built target uuid_msgs_generate_messages_nodejs
[  0%] Built target uuid_msgs_generate_messages_py
[  0%] Built target mavros_msgs_generate_messages_cpp
[  0%] Built target trajectory_msgs_generate_messages_cpp
[  0%] Built target mavros_msgs_generate_messages_eus
[  0%] Built target sensor_msgs_generate_messages_lisp
[  0%] Built target nav_msgs_generate_messages_cpp
[  0%] Built target mavros_msgs_generate_messages_py
[  0%] Built target mavros_msgs_generate_messages_lisp
[  0%] Built target sensor_msgs_generate_messages_cpp
[  0%] Built target sensor_msgs_generate_messages_py
[  0%] Built target nav_msgs_generate_messages_lisp
[  0%] Built target actionlib_msgs_generate_messages_cpp
[  0%] Built target roscpp_generate_messages_eus
[  0%] Built target rosgraph_msgs_generate_messages_py
[  0%] Built target actionlib_msgs_generate_messages_eus
[  0%] Built target actionlib_msgs_generate_messages_py
[  0%] Built target diagnostic_msgs_generate_messages_cpp
[  0%] Built target actionlib_generate_messages_eus
[  0%] Built target geometry_msgs_generate_messages_cpp
[  0%] Built target quad_msgs_generate_messages_nodejs
[  0%] Built target actionlib_generate_messages_lisp
[  0%] Built target tf2_msgs_generate_messages_cpp
[  0%] Built target nav_msgs_generate_messages_eus
[  0%] Built target tf2_msgs_generate_messages_eus
[  0%] Built target nav_msgs_generate_messages_py
[  0%] Built target tf2_msgs_generate_messages_lisp
[  0%] Built target actionlib_generate_messages_py
[  0%] Built target tf2_msgs_generate_messages_py
[35m[1mScanning dependencies of target ftc_ctrl[0m
[ 25%] [32mBuilding CXX object CMakeFiles/ftc_ctrl.dir/src/ftc_ctrl_node.cpp.o[0m
[ 50%] [32mBuilding CXX object CMakeFiles/ftc_ctrl.dir/src/ftc_ctrl.cpp.o[0m
[01m[K/home/cheng/fault_tolerant_control/src/ftc_ctrl/src/ftc_ctrl.cpp:[m[K In member function â€˜[01m[Kvoid ftc::NDICtrl::stateUpdateCallback(const ConstPtr&)[m[Kâ€™:
[01m[K/home/cheng/fault_tolerant_control/src/ftc_ctrl/src/ftc_ctrl.cpp:208:14:[m[K [01;31m[Kerror: [m[Kâ€˜[01m[Kstruct ftc::QuadState[m[Kâ€™ has no member named â€˜[01m[Kvelocity_old[m[Kâ€™; did you mean â€˜[01m[Kvelocity[m[Kâ€™?
       state_.[01;31m[Kvelocity_old[m[K.x()     =   state_.velocity.x();     //è®°å½•çº¿é€Ÿåº¦
              [01;31m[K^~~~~~~~~~~~[m[K
              [32m[Kvelocity[m[K
[01m[K/home/cheng/fault_tolerant_control/src/ftc_ctrl/src/ftc_ctrl.cpp:209:14:[m[K [01;31m[Kerror: [m[Kâ€˜[01m[Kstruct ftc::QuadState[m[Kâ€™ has no member named â€˜[01m[Kvelocity_old[m[Kâ€™; did you mean â€˜[01m[Kvelocity[m[Kâ€™?
       state_.[01;31m[Kvelocity_old[m[K.y()     =   state_.velocity.y();
              [01;31m[K^~~~~~~~~~~~[m[K
              [32m[Kvelocity[m[K
[01m[K/home/cheng/fault_tolerant_control/src/ftc_ctrl/src/ftc_ctrl.cpp:210:14:[m[K [01;31m[Kerror: [m[Kâ€˜[01m[Kstruct ftc::QuadState[m[Kâ€™ has no member named â€˜[01m[Kvelocity_old[m[Kâ€™; did you mean â€˜[01m[Kvelocity[m[Kâ€™?
       state_.[01;31m[Kvelocity_old[m[K.z()     =   state_.velocity.z();
              [01;31m[K^~~~~~~~~~~~[m[K
              [32m[Kvelocity[m[K
[01m[K/home/cheng/fault_tolerant_control/src/ftc_ctrl/src/ftc_ctrl.cpp:[m[K In member function â€˜[01m[Kvoid ftc::NDICtrl::controller_outerloop()[m[Kâ€™:
[01m[K/home/cheng/fault_tolerant_control/src/ftc_ctrl/src/ftc_ctrl.cpp:342:33:[m[K [01;31m[Kerror: [m[Kâ€˜[01m[Kstruct ftc::QuadState[m[Kâ€™ has no member named â€˜[01m[Kvelocity_old[m[Kâ€™; did you mean â€˜[01m[Kvelocity[m[Kâ€™?
       velocity_oldused = state_.[01;31m[Kvelocity_old[m[K;
                                 [01;31m[K^~~~~~~~~~~~[m[K
                                 [32m[Kvelocity[m[K
[01m[K/home/cheng/fault_tolerant_control/src/ftc_ctrl/src/ftc_ctrl.cpp:368:28:[m[K [01;31m[Kerror: [m[Kâ€˜[01m[Kvel_err_int_[m[Kâ€™ was not declared in this scope
       integrator3(vel_err, [01;31m[Kvel_err_int_[m[K, 1.0/ctrl_rate_, max_vel_err_int_);//SYSU_CODE é™å¹…æš‚æ—¶ç”¨pos
                            [01;31m[K^~~~~~~~~~~~[m[K
[01m[K/home/cheng/fault_tolerant_control/src/ftc_ctrl/src/ftc_ctrl.cpp:368:28:[m[K [01;36m[Knote: [m[Ksuggested alternative: â€˜[01m[Knb_err_int_[m[Kâ€™
       integrator3(vel_err, [01;36m[Kvel_err_int_[m[K, 1.0/ctrl_rate_, max_vel_err_int_);//SYSU_CODE é™å¹…æš‚æ—¶ç”¨pos
                            [01;36m[K^~~~~~~~~~~~[m[K
                            [32m[Knb_err_int_[m[K
[01m[K/home/cheng/fault_tolerant_control/src/ftc_ctrl/src/ftc_ctrl.cpp:368:58:[m[K [01;31m[Kerror: [m[Kâ€˜[01m[Kmax_vel_err_int_[m[Kâ€™ was not declared in this scope
       integrator3(vel_err, vel_err_int_, 1.0/ctrl_rate_, [01;31m[Kmax_vel_err_int_[m[K);//SYSU_CODE é™å¹…æš‚æ—¶ç”¨pos
                                                          [01;31m[K^~~~~~~~~~~~~~~~[m[K
[01m[K/home/cheng/fault_tolerant_control/src/ftc_ctrl/src/ftc_ctrl.cpp:368:58:[m[K [01;36m[Knote: [m[Ksuggested alternative: â€˜[01m[Kmax_pos_err_int_[m[Kâ€™
       integrator3(vel_err, vel_err_int_, 1.0/ctrl_rate_, [01;36m[Kmax_vel_err_int_[m[K);//SYSU_CODE é™å¹…æš‚æ—¶ç”¨pos
                                                          [01;36m[K^~~~~~~~~~~~~~~~[m[K
                                                          [32m[Kmax_pos_err_int_[m[K
[01m[K/home/cheng/fault_tolerant_control/src/ftc_ctrl/src/ftc_ctrl.cpp:397:7:[m[K [01;31m[Kerror: [m[Kâ€˜[01m[Kv_des_[m[Kâ€™ was not declared in this scope
       [01;31m[Kv_des_[m[K = Kp_pos * pos_err;//SYSU_CODE
       [01;31m[K^~~~~~[m[K
[01m[K/home/cheng/fault_tolerant_control/src/ftc_ctrl/src/ftc_ctrl.cpp:397:7:[m[K [01;36m[Knote: [m[Ksuggested alternative: â€˜[01m[Ka_des_[m[Kâ€™
       [01;36m[Kv_des_[m[K = Kp_pos * pos_err;//SYSU_CODE
       [01;36m[K^~~~~~[m[K
       [32m[Ka_des_[m[K
[01m[K/home/cheng/fault_tolerant_control/src/ftc_ctrl/src/ftc_ctrl.cpp:399:28:[m[K [01;31m[Kerror: [m[Kâ€˜[01m[Kvel_err_int_[m[Kâ€™ was not declared in this scope
       integrator3(vel_err, [01;31m[Kvel_err_int_[m[K, 1.0/ctrl_rate_, max_vel_err_int_);//SYSU_CODE
                            [01;31m[K^~~~~~~~~~~~[m[K
[01m[K/home/cheng/fault_tolerant_control/src/ftc_ctrl/src/ftc_ctrl.cpp:399:28:[m[K [01;36m[Knote: [m[Ksuggested alternative: â€˜[01m[Knb_err_int_[m[Kâ€™
       integrator3(vel_err, [01;36m[Kvel_err_int_[m[K, 1.0/ctrl_rate_, max_vel_err_int_);//SYSU_CODE
                            [01;36m[K^~~~~~~~~~~~[m[K
                            [32m[Knb_err_int_[m[K
[01m[K/home/cheng/fault_tolerant_control/src/ftc_ctrl/src/ftc_ctrl.cpp:399:58:[m[K [01;31m[Kerror: [m[Kâ€˜[01m[Kmax_vel_err_int_[m[Kâ€™ was not declared in this scope
       integrator3(vel_err, vel_err_int_, 1.0/ctrl_rate_, [01;31m[Kmax_vel_err_int_[m[K);//SYSU_CODE
                                                          [01;31m[K^~~~~~~~~~~~~~~~[m[K
[01m[K/home/cheng/fault_tolerant_control/src/ftc_ctrl/src/ftc_ctrl.cpp:399:58:[m[K [01;36m[Knote: [m[Ksuggested alternative: â€˜[01m[Kmax_pos_err_int_[m[Kâ€™
       integrator3(vel_err, vel_err_int_, 1.0/ctrl_rate_, [01;36m[Kmax_vel_err_int_[m[K);//SYSU_CODE
                                                          [01;36m[K^~~~~~~~~~~~~~~~[m[K
                                                          [32m[Kmax_pos_err_int_[m[K
[01m[K/home/cheng/fault_tolerant_control/src/ftc_ctrl/src/ftc_ctrl.cpp:[m[K In member function â€˜[01m[Kbool ftc::NDICtrl::loadParams()[m[Kâ€™:
[01m[K/home/cheng/fault_tolerant_control/src/ftc_ctrl/src/ftc_ctrl.cpp:544:41:[m[K [01;31m[Kerror: [m[Kâ€˜[01m[Kmax_vel_err_int_[m[Kâ€™ was not declared in this scope
     check &= pnh_.param("maxVelErrInt", [01;31m[Kmax_vel_err_int_[m[K, 30.0);//SYSU_CODE
                                         [01;31m[K^~~~~~~~~~~~~~~~[m[K
[01m[K/home/cheng/fault_tolerant_control/src/ftc_ctrl/src/ftc_ctrl.cpp:544:41:[m[K [01;36m[Knote: [m[Ksuggested alternative: â€˜[01m[Kmax_pos_err_int_[m[Kâ€™
     check &= pnh_.param("maxVelErrInt", [01;36m[Kmax_vel_err_int_[m[K, 30.0);//SYSU_CODE
                                         [01;36m[K^~~~~~~~~~~~~~~~[m[K
                                         [32m[Kmax_pos_err_int_[m[K
CMakeFiles/ftc_ctrl.dir/build.make:94: recipe for target 'CMakeFiles/ftc_ctrl.dir/src/ftc_ctrl.cpp.o' failed
CMakeFiles/Makefile2:633: recipe for target 'CMakeFiles/ftc_ctrl.dir/all' failed
Makefile:159: recipe for target 'all' failed
make[2]: *** [CMakeFiles/ftc_ctrl.dir/src/ftc_ctrl.cpp.o] Error 1
make[1]: *** [CMakeFiles/ftc_ctrl.dir/all] Error 2
make: *** [all] Error 2
